2023-11-26 12:35:28,093 surf feature!
2023-11-26 12:37:57,617 stack local feature data shape: (3971087, 64)
2023-11-26 13:14:15,764 svm classifier!
2023-11-26 13:15:25,629 Test Accuracy on the test set: 49.87%
2023-11-26 13:15:25,629 logistic classifier!
2023-11-26 13:16:33,500 Test Accuracy on the test set: 40.40%
2023-11-26 13:16:33,500 naive_bayes classifier!
2023-11-26 13:17:40,792 Test Accuracy on the test set: 30.27%
2023-11-26 13:17:40,793 decision_tree classifier!
2023-11-26 13:18:48,416 Test Accuracy on the test set: 26.20%
2023-11-26 13:18:48,416 knn classifier!
2023-11-26 13:19:56,082 Test Accuracy on the test set: 35.60%
2023-11-26 13:19:56,082 sift feature!
2023-11-26 13:23:20,778 stack local feature data shape: (5515132, 128)
2023-11-26 14:10:27,040 svm classifier!
2023-11-26 14:11:52,565 Test Accuracy on the test set: 53.20%
2023-11-26 14:11:52,565 logistic classifier!
2023-11-26 14:13:16,765 Test Accuracy on the test set: 43.27%
2023-11-26 14:13:16,766 naive_bayes classifier!
2023-11-26 14:14:41,508 Test Accuracy on the test set: 33.47%
2023-11-26 14:14:41,508 decision_tree classifier!
2023-11-26 14:16:05,515 Test Accuracy on the test set: 36.27%
2023-11-26 14:16:05,515 knn classifier!
2023-11-26 14:17:32,484 Test Accuracy on the test set: 40.13%
2023-11-26 14:17:32,484 orb feature!
2023-11-26 14:18:26,030 stack local feature data shape: (2235245, 32)
2023-11-26 14:35:14,597 svm classifier!
2023-11-26 14:35:52,698 Test Accuracy on the test set: 37.07%
2023-11-26 14:35:52,698 logistic classifier!
2023-11-26 14:36:28,683 Test Accuracy on the test set: 35.60%
2023-11-26 14:36:28,683 naive_bayes classifier!
2023-11-26 14:37:06,769 Test Accuracy on the test set: 29.67%
2023-11-26 14:37:06,770 decision_tree classifier!
2023-11-26 14:37:42,565 Test Accuracy on the test set: 25.13%
2023-11-26 14:37:42,565 knn classifier!
2023-11-26 14:38:19,366 Test Accuracy on the test set: 32.00%
